<?xml version="1.0" encoding="UTF-8"?>
<!-- Generated by org.testng.reporters.JUnitReportReporter -->
<testsuite skipped="0" hostname="in-madhurvk-1" name="RestAssuredPractice.AddData" tests="1" failures="0" timestamp="7 Mar 2020 11:29:44 GMT" time="2.103" errors="0">
  <testcase name="postData" time="2.103" classname="RestAssuredPractice.AddData"/>
</testsuite> <!-- RestAssuredPractice.AddData -->
