<?xml version="1.0" encoding="UTF-8"?>
<!-- Generated by org.testng.reporters.JUnitReportReporter -->
<testsuite skipped="0" hostname="in-madhurvk-1" name="RestAssuredPractice.TestNGAssertions" tests="1" failures="0" timestamp="14 Mar 2020 10:46:12 GMT" time="5.707" errors="0">
  <testcase name="getData" time="5.707" classname="RestAssuredPractice.TestNGAssertions"/>
</testsuite> <!-- RestAssuredPractice.TestNGAssertions -->
