<?xml version="1.0" encoding="UTF-8"?>
<!-- Generated by org.testng.reporters.JUnitReportReporter -->
<testsuite skipped="0" hostname="in-madhurvk-1" name="RestAssuredPractice.ValidateComplexResponse" tests="1" failures="0" timestamp="18 Apr 2020 03:59:15 GMT" time="5.587" errors="0">
  <testcase name="jsonContentFetching" time="5.587" classname="RestAssuredPractice.ValidateComplexResponse"/>
</testsuite> <!-- RestAssuredPractice.ValidateComplexResponse -->
