<?xml version="1.0" encoding="UTF-8"?>
<!-- Generated by org.testng.reporters.JUnitReportReporter -->
<testsuite skipped="0" hostname="in-madhurvk-1" name="RestAssuredPractice.FetchData" tests="1" failures="0" timestamp="7 Mar 2020 10:50:17 GMT" time="2.033" errors="0">
  <testcase name="getData" time="2.033" classname="RestAssuredPractice.FetchData"/>
</testsuite> <!-- RestAssuredPractice.FetchData -->
