<?xml version="1.0" encoding="UTF-8"?>
<!-- Generated by org.testng.reporters.JUnitReportReporter -->
<testsuite skipped="0" hostname="in-madhurvk-1" name="RestAssuredPractice.AddComplexData" tests="1" failures="0" timestamp="14 Mar 2020 10:23:25 GMT" time="2.217" errors="0">
  <testcase name="createComplexData" time="2.217" classname="RestAssuredPractice.AddComplexData"/>
</testsuite> <!-- RestAssuredPractice.AddComplexData -->
