<?xml version="1.0" encoding="UTF-8"?>
<!-- Generated by org.testng.reporters.JUnitReportReporter -->
<testsuite skipped="0" hostname="in-madhurvk-1" name="RestAssuredPractice.JsonResponseValidation" tests="1" failures="0" timestamp="18 Apr 2020 03:42:51 GMT" time="6.337" errors="0">
  <testcase name="jsonContentFetching" time="6.337" classname="RestAssuredPractice.JsonResponseValidation"/>
</testsuite> <!-- RestAssuredPractice.JsonResponseValidation -->
