<?xml version="1.0" encoding="UTF-8"?>
<!-- Generated by org.testng.reporters.JUnitReportReporter -->
<testsuite skipped="0" hostname="in-madhurvk-1" name="RestAssuredPractice.CheckAuthentication" tests="1" failures="0" timestamp="19 Apr 2020 03:45:31 GMT" time="4.064" errors="0">
  <testcase name="checkAuthentication" time="4.064" classname="RestAssuredPractice.CheckAuthentication"/>
</testsuite> <!-- RestAssuredPractice.CheckAuthentication -->
