<?xml version="1.0" encoding="UTF-8"?>
<!-- Generated by org.testng.reporters.JUnitReportReporter -->
<testsuite skipped="0" hostname="in-madhurvk-1" name="RestAssuredPractice.FetchCurrencyCodeByName" tests="1" failures="0" timestamp="19 Apr 2020 03:15:26 GMT" time="5.656" errors="0">
  <testcase name="jsonContentFetching" time="5.656" classname="RestAssuredPractice.FetchCurrencyCodeByName"/>
</testsuite> <!-- RestAssuredPractice.FetchCurrencyCodeByName -->
