<?xml version="1.0" encoding="UTF-8"?>
<!-- Generated by org.testng.reporters.JUnitReportReporter -->
<testsuite skipped="0" hostname="in-madhurvk-1" name="RestAssuredPractice.RemoveData" tests="1" failures="0" timestamp="7 Mar 2020 10:35:18 GMT" time="2.133" errors="0">
  <testcase name="deleteData" time="2.133" classname="RestAssuredPractice.RemoveData"/>
</testsuite> <!-- RestAssuredPractice.RemoveData -->
