<?xml version="1.0" encoding="UTF-8"?>
<!-- Generated by org.testng.reporters.JUnitReportReporter -->
<testsuite skipped="0" hostname="in-madhurvk-1" name="RestAssuredPractice.BasicChallengingAuth" tests="1" failures="0" timestamp="19 Apr 2020 03:51:56 GMT" time="4.221" errors="0">
  <testcase name="accessAuthorisedAPI" time="4.221" classname="RestAssuredPractice.BasicChallengingAuth"/>
</testsuite> <!-- RestAssuredPractice.BasicChallengingAuth -->
